<?xml version="1.0" encoding="UTF-8"?>
<!-- Generated by org.testng.reporters.JUnitReportReporter -->
<testsuite skipped="0" hostname="Chinna" name="com.test.loginTest" tests="2" failures="0" timestamp="12 Dec 2019 13:55:01 GMT" time="36.110" errors="0">
  <testcase name="verifyLoginPageTitleTest" time="11.046" classname="com.test.loginTest"/>
  <testcase name="doLoginTest" time="25.064" classname="com.test.loginTest"/>
</testsuite> <!-- com.test.loginTest -->
